# JRE version: OpenJDK Runtime Environment (11.0.10) (build 11.0.10+0-b96-7249189)
# Java VM: OpenJDK 64-Bit Server VM (11.0.10+0-b96-7249189, mixed mode, tiered, compressed oops, g1 gc, windows-amd64)
Heap:
 garbage-first heap   total 273408K, used 115530K [0x0000000080000000, 0x0000000100000000)
  region size 1024K, 2 young (2048K), 2 survivors (2048K)
 Metaspace       used 105807K, capacity 108857K, committed 110504K, reserved 1144832K
  class space    used 13648K, capacity 14820K, committed 15488K, reserved 1048576K
GC Heap History (20 events):
Event: 32.386 GC heap after
{Heap after GC invocations=31 (full 0):
 garbage-first heap   total 189440K, used 108043K [0x0000000080000000, 0x0000000100000000)
  region size 1024K, 6 young (6144K), 6 survivors (6144K)
 Metaspace       used 91372K, capacity 93729K, committed 93736K, reserved 1130496K
  class space    used 11639K, capacity 12539K, committed 12544K, reserved 1048576K
}
Event: 32.729 GC heap before
{Heap before GC invocations=32 (full 0):
 garbage-first heap   total 189440K, used 147979K [0x0000000080000000, 0x0000000100000000)
  region size 1024K, 48 young (49152K), 6 survivors (6144K)
 Metaspace       used 91420K, capacity 93737K, committed 93992K, reserved 1130496K
  class space    used 11643K, capacity 12539K, committed 12544K, reserved 1048576K
}
Event: 32.736 GC heap after
{Heap after GC invocations=33 (full 0):
 garbage-first heap   total 189440K, used 107794K [0x0000000080000000, 0x0000000100000000)
  region size 1024K, 3 young (3072K), 3 survivors (3072K)
 Metaspace       used 91420K, capacity 93737K, committed 93992K, reserved 1130496K
  class space    used 11643K, capacity 12539K, committed 12544K, reserved 1048576K
}
Event: 32.786 GC heap before
{Heap before GC invocations=33 (full 0):
 garbage-first heap   total 189440K, used 112914K [0x0000000080000000, 0x0000000100000000)
  region size 1024K, 9 young (9216K), 3 survivors (3072K)
 Metaspace       used 91461K, capacity 93813K, committed 93992K, reserved 1130496K
  class space    used 11650K, capacity 12543K, committed 12544K, reserved 1048576K
}
Event: 32.792 GC heap after
{Heap after GC invocations=34 (full 0):
 garbage-first heap   total 227328K, used 94640K [0x0000000080000000, 0x0000000100000000)
  region size 1024K, 1 young (1024K), 1 survivors (1024K)
 Metaspace       used 91461K, capacity 93813K, committed 93992K, reserved 1130496K
  class space    used 11650K, capacity 12543K, committed 12544K, reserved 1048576K
}
Event: 33.302 GC heap before
{Heap before GC invocations=34 (full 0):
 garbage-first heap   total 227328K, used 162224K [0x0000000080000000, 0x0000000100000000)
  region size 1024K, 64 young (65536K), 1 survivors (1024K)
 Metaspace       used 95822K, capacity 98454K, committed 98600K, reserved 1134592K
  class space    used 12275K, capacity 13286K, committed 13312K, reserved 1048576K
}
Event: 33.311 GC heap after
{Heap after GC invocations=35 (full 0):
 garbage-first heap   total 227328K, used 104261K [0x0000000080000000, 0x0000000100000000)
  region size 1024K, 8 young (8192K), 8 survivors (8192K)
 Metaspace       used 95822K, capacity 98454K, committed 98600K, reserved 1134592K
  class space    used 12275K, capacity 13286K, committed 13312K, reserved 1048576K
}
Event: 33.743 GC heap before
{Heap before GC invocations=35 (full 0):
 garbage-first heap   total 227328K, used 164677K [0x0000000080000000, 0x0000000100000000)
  region size 1024K, 68 young (69632K), 8 survivors (8192K)
 Metaspace       used 102026K, capacity 105317K, committed 105512K, reserved 1140736K
  class space    used 13424K, capacity 14761K, committed 14848K, reserved 1048576K
}
Event: 33.757 GC heap after
{Heap after GC invocations=36 (full 0):
 garbage-first heap   total 227328K, used 112960K [0x0000000080000000, 0x0000000100000000)
  region size 1024K, 9 young (9216K), 9 survivors (9216K)
 Metaspace       used 102026K, capacity 105317K, committed 105512K, reserved 1140736K
  class space    used 13424K, capacity 14761K, committed 14848K, reserved 1048576K
}
Event: 34.070 GC heap before
{Heap before GC invocations=36 (full 0):
 garbage-first heap   total 227328K, used 170304K [0x0000000080000000, 0x0000000100000000)
  region size 1024K, 66 young (67584K), 9 survivors (9216K)
 Metaspace       used 103603K, capacity 106985K, committed 107304K, reserved 1142784K
  class space    used 13622K, capacity 14990K, committed 15104K, reserved 1048576K
}
Event: 34.086 GC heap after
{Heap after GC invocations=37 (full 0):
 garbage-first heap   total 227328K, used 113794K [0x0000000080000000, 0x0000000100000000)
  region size 1024K, 3 young (3072K), 3 survivors (3072K)
 Metaspace       used 103603K, capacity 106985K, committed 107304K, reserved 1142784K
  class space    used 13622K, capacity 14990K, committed 15104K, reserved 1048576K
}
Event: 34.547 GC heap before
{Heap before GC invocations=38 (full 0):
 garbage-first heap   total 227328K, used 174210K [0x0000000080000000, 0x0000000100000000)
  region size 1024K, 64 young (65536K), 3 survivors (3072K)
 Metaspace       used 105252K, capacity 108694K, committed 108968K, reserved 1142784K
  class space    used 13784K, capacity 15167K, committed 15232K, reserved 1048576K
}
Event: 34.553 GC heap after
{Heap after GC invocations=39 (full 0):
 garbage-first heap   total 227328K, used 116547K [0x0000000080000000, 0x0000000100000000)
  region size 1024K, 5 young (5120K), 5 survivors (5120K)
 Metaspace       used 105252K, capacity 108694K, committed 108968K, reserved 1142784K
  class space    used 13784K, capacity 15167K, committed 15232K, reserved 1048576K
}
Event: 34.586 GC heap before
{Heap before GC invocations=39 (full 0):
 garbage-first heap   total 227328K, used 121667K [0x0000000080000000, 0x0000000100000000)
  region size 1024K, 11 young (11264K), 5 survivors (5120K)
 Metaspace       used 105267K, capacity 108695K, committed 108968K, reserved 1142784K
  class space    used 13785K, capacity 15167K, committed 15232K, reserved 1048576K
}
Event: 34.590 GC heap after
{Heap after GC invocations=40 (full 0):
 garbage-first heap   total 227328K, used 113505K [0x0000000080000000, 0x0000000100000000)
  region size 1024K, 1 young (1024K), 1 survivors (1024K)
 Metaspace       used 105267K, capacity 108695K, committed 108968K, reserved 1142784K
  class space    used 13785K, capacity 15167K, committed 15232K, reserved 1048576K
}
Event: 34.712 GC heap before
{Heap before GC invocations=40 (full 0):
 garbage-first heap   total 227328K, used 135009K [0x0000000080000000, 0x0000000100000000)
  region size 1024K, 24 young (24576K), 1 survivors (1024K)
 Metaspace       used 105342K, capacity 108766K, committed 108968K, reserved 1142784K
  class space    used 13785K, capacity 15167K, committed 15232K, reserved 1048576K
}
Event: 34.715 GC heap after
{Heap after GC invocations=41 (full 0):
 garbage-first heap   total 227328K, used 115449K [0x0000000080000000, 0x0000000100000000)
  region size 1024K, 3 young (3072K), 3 survivors (3072K)
 Metaspace       used 105342K, capacity 108766K, committed 108968K, reserved 1142784K
  class space    used 13785K, capacity 15167K, committed 15232K, reserved 1048576K
}
Event: 35.266 GC heap before
{Heap before GC invocations=42 (full 0):
 garbage-first heap   total 227328K, used 176889K [0x0000000080000000, 0x0000000100000000)
  region size 1024K, 62 young (63488K), 3 survivors (3072K)
 Metaspace       used 105772K, capacity 108836K, committed 110504K, reserved 1144832K
  class space    used 13647K, capacity 14818K, committed 15488K, reserved 1048576K
}
Event: 35.275 GC heap after
{Heap after GC invocations=43 (full 0):
 garbage-first heap   total 227328K, used 122219K [0x0000000080000000, 0x0000000100000000)
  region size 1024K, 8 young (8192K), 8 survivors (8192K)
 Metaspace       used 105772K, capacity 108836K, committed 110504K, reserved 1144832K
  class space    used 13647K, capacity 14818K, committed 15488K, reserved 1048576K
}
Event: 35.285 GC heap before
{Heap before GC invocations=43 (full 0):
 garbage-first heap   total 227328K, used 124267K [0x0000000080000000, 0x0000000100000000)
  region size 1024K, 11 young (11264K), 8 survivors (8192K)
 Metaspace       used 105807K, capacity 108857K, committed 110504K, reserved 1144832K
  class space    used 13648K, capacity 14820K, committed 15488K, reserved 1048576K
}

