# JRE version: OpenJDK Runtime Environment (11.0.10) (build 11.0.10+0-b96-7249189)
# Java VM: OpenJDK 64-Bit Server VM (11.0.10+0-b96-7249189, mixed mode, tiered, compressed oops, g1 gc, windows-amd64)
Heap:
 garbage-first heap   total 364544K, used 167936K [0x0000000080000000, 0x0000000100000000)
  region size 1024K, 44 young (45056K), 12 survivors (12288K)
 Metaspace       used 115916K, capacity 118483K, committed 118748K, reserved 1153024K
  class space    used 14440K, capacity 15406K, committed 15488K, reserved 1048576K
GC Heap History (20 events):
Event: 37.097 GC heap before
{Heap before GC invocations=44 (full 0):
 garbage-first heap   total 189440K, used 129498K [0x0000000080000000, 0x0000000100000000)
  region size 1024K, 21 young (21504K), 2 survivors (2048K)
 Metaspace       used 98324K, capacity 100613K, committed 101084K, reserved 1136640K
  class space    used 12466K, capacity 13317K, committed 13440K, reserved 1048576K
}
Event: 37.102 GC heap after
{Heap after GC invocations=45 (full 0):
 garbage-first heap   total 227328K, used 110850K [0x0000000080000000, 0x0000000100000000)
  region size 1024K, 3 young (3072K), 3 survivors (3072K)
 Metaspace       used 98324K, capacity 100613K, committed 101084K, reserved 1136640K
  class space    used 12466K, capacity 13317K, committed 13440K, reserved 1048576K
}
Event: 37.513 GC heap before
{Heap before GC invocations=46 (full 0):
 garbage-first heap   total 227328K, used 161026K [0x0000000080000000, 0x0000000100000000)
  region size 1024K, 52 young (53248K), 3 survivors (3072K)
 Metaspace       used 99411K, capacity 101706K, committed 102236K, reserved 1138688K
  class space    used 12538K, capacity 13382K, committed 13568K, reserved 1048576K
}
Event: 37.520 GC heap after
{Heap after GC invocations=47 (full 0):
 garbage-first heap   total 227328K, used 116000K [0x0000000080000000, 0x0000000100000000)
  region size 1024K, 7 young (7168K), 7 survivors (7168K)
 Metaspace       used 99411K, capacity 101706K, committed 102236K, reserved 1138688K
  class space    used 12538K, capacity 13382K, committed 13568K, reserved 1048576K
}
Event: 37.563 GC heap before
{Heap before GC invocations=47 (full 0):
 garbage-first heap   total 227328K, used 120096K [0x0000000080000000, 0x0000000100000000)
  region size 1024K, 11 young (11264K), 7 survivors (7168K)
 Metaspace       used 99419K, capacity 101770K, committed 102236K, reserved 1138688K
  class space    used 12538K, capacity 13382K, committed 13568K, reserved 1048576K
}
Event: 37.568 GC heap after
{Heap after GC invocations=48 (full 0):
 garbage-first heap   total 227328K, used 95415K [0x0000000080000000, 0x0000000100000000)
  region size 1024K, 2 young (2048K), 2 survivors (2048K)
 Metaspace       used 99419K, capacity 101770K, committed 102236K, reserved 1138688K
  class space    used 12538K, capacity 13382K, committed 13568K, reserved 1048576K
}
Event: 38.134 GC heap before
{Heap before GC invocations=48 (full 0):
 garbage-first heap   total 227328K, used 156855K [0x0000000080000000, 0x0000000100000000)
  region size 1024K, 63 young (64512K), 2 survivors (2048K)
 Metaspace       used 100971K, capacity 103305K, committed 103644K, reserved 1138688K
  class space    used 12714K, capacity 13568K, committed 13696K, reserved 1048576K
}
Event: 38.136 GC heap after
{Heap after GC invocations=49 (full 0):
 garbage-first heap   total 227328K, used 95351K [0x0000000080000000, 0x0000000100000000)
  region size 1024K, 2 young (2048K), 2 survivors (2048K)
 Metaspace       used 100971K, capacity 103305K, committed 103644K, reserved 1138688K
  class space    used 12714K, capacity 13568K, committed 13696K, reserved 1048576K
}
Event: 38.666 GC heap before
{Heap before GC invocations=49 (full 0):
 garbage-first heap   total 227328K, used 161911K [0x0000000080000000, 0x0000000100000000)
  region size 1024K, 68 young (69632K), 2 survivors (2048K)
 Metaspace       used 104095K, capacity 106322K, committed 106588K, reserved 1142784K
  class space    used 13102K, capacity 13927K, committed 14080K, reserved 1048576K
}
Event: 38.670 GC heap after
{Heap after GC invocations=50 (full 0):
 garbage-first heap   total 227328K, used 98609K [0x0000000080000000, 0x0000000100000000)
  region size 1024K, 5 young (5120K), 5 survivors (5120K)
 Metaspace       used 104095K, capacity 106322K, committed 106588K, reserved 1142784K
  class space    used 13102K, capacity 13927K, committed 14080K, reserved 1048576K
}
Event: 39.160 GC heap before
{Heap before GC invocations=50 (full 0):
 garbage-first heap   total 227328K, used 168241K [0x0000000080000000, 0x0000000100000000)
  region size 1024K, 74 young (75776K), 5 survivors (5120K)
 Metaspace       used 105131K, capacity 107437K, committed 107740K, reserved 1142784K
  class space    used 13222K, capacity 14054K, committed 14208K, reserved 1048576K
}
Event: 39.170 GC heap after
{Heap after GC invocations=51 (full 0):
 garbage-first heap   total 273408K, used 103315K [0x0000000080000000, 0x0000000100000000)
  region size 1024K, 9 young (9216K), 9 survivors (9216K)
 Metaspace       used 105131K, capacity 107437K, committed 107740K, reserved 1142784K
  class space    used 13222K, capacity 14054K, committed 14208K, reserved 1048576K
}
Event: 40.100 GC heap before
{Heap before GC invocations=51 (full 0):
 garbage-first heap   total 273408K, used 198547K [0x0000000080000000, 0x0000000100000000)
  region size 1024K, 103 young (105472K), 9 survivors (9216K)
 Metaspace       used 105367K, capacity 107688K, committed 107996K, reserved 1142784K
  class space    used 13240K, capacity 14091K, committed 14208K, reserved 1048576K
}
Event: 40.127 GC heap after
{Heap after GC invocations=52 (full 0):
 garbage-first heap   total 273408K, used 113815K [0x0000000080000000, 0x0000000100000000)
  region size 1024K, 13 young (13312K), 13 survivors (13312K)
 Metaspace       used 105367K, capacity 107688K, committed 107996K, reserved 1142784K
  class space    used 13240K, capacity 14091K, committed 14208K, reserved 1048576K
}
Event: 43.433 GC heap before
{Heap before GC invocations=52 (full 0):
 garbage-first heap   total 273408K, used 204951K [0x0000000080000000, 0x0000000100000000)
  region size 1024K, 103 young (105472K), 13 survivors (13312K)
 Metaspace       used 106990K, capacity 109463K, committed 109788K, reserved 1144832K
  class space    used 13425K, capacity 14346K, committed 14464K, reserved 1048576K
}
Event: 43.463 GC heap after
{Heap after GC invocations=53 (full 0):
 garbage-first heap   total 273408K, used 118838K [0x0000000080000000, 0x0000000100000000)
  region size 1024K, 9 young (9216K), 9 survivors (9216K)
 Metaspace       used 106990K, capacity 109463K, committed 109788K, reserved 1144832K
  class space    used 13425K, capacity 14346K, committed 14464K, reserved 1048576K
}
Event: 44.078 GC heap before
{Heap before GC invocations=53 (full 0):
 garbage-first heap   total 273408K, used 208950K [0x0000000080000000, 0x0000000100000000)
  region size 1024K, 98 young (100352K), 9 survivors (9216K)
 Metaspace       used 108149K, capacity 110745K, committed 110940K, reserved 1146880K
  class space    used 13554K, capacity 14475K, committed 14592K, reserved 1048576K
}
Event: 44.102 GC heap after
{Heap after GC invocations=54 (full 0):
 garbage-first heap   total 273408K, used 118826K [0x0000000080000000, 0x0000000100000000)
  region size 1024K, 3 young (3072K), 3 survivors (3072K)
 Metaspace       used 108149K, capacity 110745K, committed 110940K, reserved 1146880K
  class space    used 13554K, capacity 14475K, committed 14592K, reserved 1048576K
}
Event: 46.702 GC heap before
{Heap before GC invocations=54 (full 0):
 garbage-first heap   total 273408K, used 215082K [0x0000000080000000, 0x0000000100000000)
  region size 1024K, 96 young (98304K), 3 survivors (3072K)
 Metaspace       used 115194K, capacity 117782K, committed 117852K, reserved 1153024K
  class space    used 14396K, capacity 15349K, committed 15360K, reserved 1048576K
}
Event: 46.728 GC heap after
{Heap after GC invocations=55 (full 0):
 garbage-first heap   total 364544K, used 136192K [0x0000000080000000, 0x0000000100000000)
  region size 1024K, 12 young (12288K), 12 survivors (12288K)
 Metaspace       used 115194K, capacity 117782K, committed 117852K, reserved 1153024K
  class space    used 14396K, capacity 15349K, committed 15360K, reserved 1048576K
}

