# JRE version: OpenJDK Runtime Environment (11.0.10) (build 11.0.10+0-b96-7249189)
# Java VM: OpenJDK 64-Bit Server VM (11.0.10+0-b96-7249189, mixed mode, tiered, compressed oops, g1 gc, windows-amd64)
Heap:
 garbage-first heap   total 131072K, used 80923K [0x0000000080000000, 0x0000000100000000)
  region size 1024K, 27 young (27648K), 4 survivors (4096K)
 Metaspace       used 70076K, capacity 71833K, committed 71976K, reserved 1112064K
  class space    used 9084K, capacity 9721K, committed 9728K, reserved 1048576K
GC Heap History (20 events):
Event: 22.362 GC heap before
{Heap before GC invocations=5 (full 0):
 garbage-first heap   total 131072K, used 73201K [0x0000000080000000, 0x0000000100000000)
  region size 1024K, 56 young (57344K), 3 survivors (3072K)
 Metaspace       used 32407K, capacity 33238K, committed 33536K, reserved 1079296K
  class space    used 4221K, capacity 4508K, committed 4608K, reserved 1048576K
}
Event: 22.367 GC heap after
{Heap after GC invocations=6 (full 0):
 garbage-first heap   total 131072K, used 21692K [0x0000000080000000, 0x0000000100000000)
  region size 1024K, 6 young (6144K), 6 survivors (6144K)
 Metaspace       used 32407K, capacity 33238K, committed 33536K, reserved 1079296K
  class space    used 4221K, capacity 4508K, committed 4608K, reserved 1048576K
}
Event: 22.534 GC heap before
{Heap before GC invocations=6 (full 0):
 garbage-first heap   total 131072K, used 27836K [0x0000000080000000, 0x0000000100000000)
  region size 1024K, 14 young (14336K), 6 survivors (6144K)
 Metaspace       used 35190K, capacity 36024K, committed 36048K, reserved 1081344K
  class space    used 4545K, capacity 4864K, committed 4864K, reserved 1048576K
}
Event: 22.544 GC heap after
{Heap after GC invocations=7 (full 0):
 garbage-first heap   total 131072K, used 22738K [0x0000000080000000, 0x0000000100000000)
  region size 1024K, 4 young (4096K), 4 survivors (4096K)
 Metaspace       used 35190K, capacity 36024K, committed 36048K, reserved 1081344K
  class space    used 4545K, capacity 4864K, committed 4864K, reserved 1048576K
}
Event: 23.237 GC heap before
{Heap before GC invocations=8 (full 0):
 garbage-first heap   total 131072K, used 86226K [0x0000000080000000, 0x0000000100000000)
  region size 1024K, 64 young (65536K), 4 survivors (4096K)
 Metaspace       used 39561K, capacity 40497K, committed 40732K, reserved 1085440K
  class space    used 5045K, capacity 5391K, committed 5504K, reserved 1048576K
}
Event: 23.244 GC heap after
{Heap after GC invocations=9 (full 0):
 garbage-first heap   total 131072K, used 27500K [0x0000000080000000, 0x0000000100000000)
  region size 1024K, 8 young (8192K), 8 survivors (8192K)
 Metaspace       used 39561K, capacity 40497K, committed 40732K, reserved 1085440K
  class space    used 5045K, capacity 5391K, committed 5504K, reserved 1048576K
}
Event: 23.948 GC heap before
{Heap before GC invocations=9 (full 0):
 garbage-first heap   total 131072K, used 88940K [0x0000000080000000, 0x0000000100000000)
  region size 1024K, 68 young (69632K), 8 survivors (8192K)
 Metaspace       used 44745K, capacity 45940K, committed 46108K, reserved 1089536K
  class space    used 5737K, capacity 6178K, committed 6272K, reserved 1048576K
}
Event: 23.956 GC heap after
{Heap after GC invocations=10 (full 0):
 garbage-first heap   total 131072K, used 30166K [0x0000000080000000, 0x0000000100000000)
  region size 1024K, 8 young (8192K), 8 survivors (8192K)
 Metaspace       used 44745K, capacity 45940K, committed 46108K, reserved 1089536K
  class space    used 5737K, capacity 6178K, committed 6272K, reserved 1048576K
}
Event: 25.000 GC heap before
{Heap before GC invocations=10 (full 0):
 garbage-first heap   total 131072K, used 94678K [0x0000000080000000, 0x0000000100000000)
  region size 1024K, 68 young (69632K), 8 survivors (8192K)
 Metaspace       used 47878K, capacity 49277K, committed 49564K, reserved 1091584K
  class space    used 6117K, capacity 6584K, committed 6656K, reserved 1048576K
}
Event: 25.009 GC heap after
{Heap after GC invocations=11 (full 0):
 garbage-first heap   total 131072K, used 42773K [0x0000000080000000, 0x0000000100000000)
  region size 1024K, 9 young (9216K), 9 survivors (9216K)
 Metaspace       used 47878K, capacity 49277K, committed 49564K, reserved 1091584K
  class space    used 6117K, capacity 6584K, committed 6656K, reserved 1048576K
}
Event: 25.628 GC heap before
{Heap before GC invocations=11 (full 0):
 garbage-first heap   total 131072K, used 96021K [0x0000000080000000, 0x0000000100000000)
  region size 1024K, 61 young (62464K), 9 survivors (9216K)
 Metaspace       used 55778K, capacity 57297K, committed 57500K, reserved 1099776K
  class space    used 7060K, capacity 7612K, committed 7680K, reserved 1048576K
}
Event: 25.636 GC heap after
{Heap after GC invocations=12 (full 0):
 garbage-first heap   total 131072K, used 45785K [0x0000000080000000, 0x0000000100000000)
  region size 1024K, 3 young (3072K), 3 survivors (3072K)
 Metaspace       used 55778K, capacity 57297K, committed 57500K, reserved 1099776K
  class space    used 7060K, capacity 7612K, committed 7680K, reserved 1048576K
}
Event: 25.958 GC heap before
{Heap before GC invocations=12 (full 0):
 garbage-first heap   total 131072K, used 64217K [0x0000000080000000, 0x0000000100000000)
  region size 1024K, 22 young (22528K), 3 survivors (3072K)
 Metaspace       used 59032K, capacity 60621K, committed 60636K, reserved 1101824K
  class space    used 7482K, capacity 8061K, committed 8064K, reserved 1048576K
}
Event: 25.963 GC heap after
{Heap after GC invocations=13 (full 0):
 garbage-first heap   total 131072K, used 47286K [0x0000000080000000, 0x0000000100000000)
  region size 1024K, 4 young (4096K), 4 survivors (4096K)
 Metaspace       used 59032K, capacity 60621K, committed 60636K, reserved 1101824K
  class space    used 7482K, capacity 8061K, committed 8064K, reserved 1048576K
}
Event: 26.563 GC heap before
{Heap before GC invocations=14 (full 0):
 garbage-first heap   total 131072K, used 99510K [0x0000000080000000, 0x0000000100000000)
  region size 1024K, 55 young (56320K), 4 survivors (4096K)
 Metaspace       used 63141K, capacity 64693K, committed 64808K, reserved 1105920K
  class space    used 8009K, capacity 8593K, committed 8704K, reserved 1048576K
}
Event: 26.572 GC heap after
{Heap after GC invocations=15 (full 0):
 garbage-first heap   total 131072K, used 50688K [0x0000000080000000, 0x0000000100000000)
  region size 1024K, 6 young (6144K), 6 survivors (6144K)
 Metaspace       used 63141K, capacity 64693K, committed 64808K, reserved 1105920K
  class space    used 8009K, capacity 8593K, committed 8704K, reserved 1048576K
}
Event: 27.044 GC heap before
{Heap before GC invocations=16 (full 0):
 garbage-first heap   total 131072K, used 100864K [0x0000000080000000, 0x0000000100000000)
  region size 1024K, 55 young (56320K), 6 survivors (6144K)
 Metaspace       used 65865K, capacity 67534K, committed 67752K, reserved 1107968K
  class space    used 8436K, capacity 9069K, committed 9088K, reserved 1048576K
}
Event: 27.051 GC heap after
{Heap after GC invocations=17 (full 0):
 garbage-first heap   total 131072K, used 55285K [0x0000000080000000, 0x0000000100000000)
  region size 1024K, 5 young (5120K), 5 survivors (5120K)
 Metaspace       used 65865K, capacity 67534K, committed 67752K, reserved 1107968K
  class space    used 8436K, capacity 9069K, committed 9088K, reserved 1048576K
}
Event: 27.450 GC heap before
{Heap before GC invocations=17 (full 0):
 garbage-first heap   total 131072K, used 102389K [0x0000000080000000, 0x0000000100000000)
  region size 1024K, 51 young (52224K), 5 survivors (5120K)
 Metaspace       used 68949K, capacity 70697K, committed 70824K, reserved 1110016K
  class space    used 8920K, capacity 9581K, committed 9600K, reserved 1048576K
}
Event: 27.455 GC heap after
{Heap after GC invocations=18 (full 0):
 garbage-first heap   total 131072K, used 58395K [0x0000000080000000, 0x0000000100000000)
  region size 1024K, 4 young (4096K), 4 survivors (4096K)
 Metaspace       used 68949K, capacity 70697K, committed 70824K, reserved 1110016K
  class space    used 8920K, capacity 9581K, committed 9600K, reserved 1048576K
}

